<?xml version="1.0" encoding="UTF-8"?>
<testng-results skipped="0" failed="0" ignored="0" total="1" passed="1">
  <reporter-output>
  </reporter-output>
  <suite name="Suite" duration-ms="12787" started-at="2020-06-29T07:40:13Z" finished-at="2020-06-29T07:40:26Z">
    <groups>
    </groups>
    <test name="Test" duration-ms="12787" started-at="2020-06-29T07:40:13Z" finished-at="2020-06-29T07:40:26Z">
      <class name="com.openmrs.qa.testcases.LoginPageTest">
        <test-method status="PASS" signature="setup()[pri:0, instance:com.openmrs.qa.testcases.LoginPageTest@6b0c2d26]" name="setup" is-config="true" duration-ms="8855" started-at="2020-06-29T13:10:13Z" finished-at="2020-06-29T13:10:22Z">
          <reporter-output>
          </reporter-output>
        </test-method> <!-- setup -->
        <test-method status="PASS" signature="loginTest()[pri:3, instance:com.openmrs.qa.testcases.LoginPageTest@6b0c2d26]" name="loginTest" duration-ms="3810" started-at="2020-06-29T13:10:22Z" finished-at="2020-06-29T13:10:26Z">
          <reporter-output>
          </reporter-output>
        </test-method> <!-- loginTest -->
        <test-method status="PASS" signature="tearDown()[pri:0, instance:com.openmrs.qa.testcases.LoginPageTest@6b0c2d26]" name="tearDown" is-config="true" duration-ms="103" started-at="2020-06-29T13:10:26Z" finished-at="2020-06-29T13:10:26Z">
          <reporter-output>
          </reporter-output>
        </test-method> <!-- tearDown -->
      </class> <!-- com.openmrs.qa.testcases.LoginPageTest -->
    </test> <!-- Test -->
  </suite> <!-- Suite -->
</testng-results>
